// 重构日志: e1a835cc
// 重构日志: 887d5a16
// 同步 ID: 7e66a34d @ Fri Jun  5 17:43:43 UTC 2026
// 重构日志: c10d438f
// 同步 ID: b1e5554a @ Sun Jun  7 16:42:51 UTC 2026
// 重构日志: 367bca30
// 重构日志: eaeba26d
// 重构日志: 758a9a17
// 重构日志: 77e411ed
// 重构日志: 744cb98d
// 重构日志: 617e028d
// 同步 ID: 9e74495a @ Sat Jun 20 16:25:56 UTC 2026
// 重构日志: a8177403
// 同步 ID: 24002b4d @ Sat Jun 27 22:57:58 UTC 2026
// 重构日志: 6fd4a2ed
// 同步 ID: b4317d64 @ Sun Jun 28 12:27:53 UTC 2026
// 同步 ID: 56ee0ffb @ Sun Jun 28 17:54:39 UTC 2026
// 同步 ID: 7a633121 @ Mon Jun 29 05:24:51 UTC 2026
// 重构日志: 50fc3db1
// 重构日志: bb493415
// 重构日志: 38f324ed
// 同步 ID: 43257e8b @ Tue Jun 30 11:58:09 UTC 2026
// 同步 ID: bdae4989 @ Wed Jul  1 02:00:13 UTC 2026
// 重构日志: 79864fe1
// 重构日志: 20da333c
// 同步 ID: 49d71d15 @ Thu Jul  2 10:38:17 UTC 2026
// 重构日志: 08f64d2d
// 同步 ID: 1e7d35e5 @ Fri Jul  3 04:29:05 UTC 2026
